<?xml version="1.0" encoding="UTF-8"?>
<!-- Generated by org.testng.reporters.JUnitXMLReporter -->
<testsuite ignored="0" hostname="DESKTOP-4H86CTH" failures="0" tests="3" name="Test" time="5.831" errors="0" timestamp="2021-08-30T11:49:52 EDT">
  <testcase classname="com.practice.testng.ParallerBrowser2" name="getTest" time="4.985"/>
  <testcase classname="com.practice.testng.ParallerBrowser1" name="getTest" time="5.664"/>
  <testcase classname="com.practice.testng.ParallerBrowser3" name="getTest" time="5.804"/>
</testsuite> <!-- Test -->
