<?xml version="1.0" encoding="UTF-8"?>
<testng-results ignored="0" total="1" passed="1" failed="0" skipped="0">
  <reporter-output>
  </reporter-output>
  <suite started-at="2021-09-02T21:58:30 EDT" name="Default suite" finished-at="2021-09-02T21:58:37 EDT" duration-ms="7475">
    <groups>
    </groups>
    <test started-at="2021-09-02T21:58:30 EDT" name="Default test" finished-at="2021-09-02T21:58:37 EDT" duration-ms="7475">
      <class name="com.smoke.test.ZooplaLoginExecution">
        <test-method is-config="true" signature="getSetup()[pri:0, instance:com.smoke.test.ZooplaLoginExecution@611889f4]" started-at="2021-09-02T21:58:30 EDT" name="getSetup" finished-at="2021-09-02T21:58:33 EDT" duration-ms="3250" status="PASS">
          <reporter-output>
          </reporter-output>
        </test-method> <!-- getSetup -->
        <test-method signature="loginTest()[pri:0, instance:com.smoke.test.ZooplaLoginExecution@611889f4]" started-at="2021-09-02T21:58:33 EDT" name="loginTest" finished-at="2021-09-02T21:58:37 EDT" duration-ms="3812" status="PASS">
          <reporter-output>
          </reporter-output>
        </test-method> <!-- loginTest -->
        <test-method is-config="true" signature="tearDown()[pri:0, instance:com.smoke.test.ZooplaLoginExecution@611889f4]" started-at="2021-09-02T21:58:37 EDT" name="tearDown" finished-at="2021-09-02T21:58:37 EDT" duration-ms="372" status="PASS">
          <reporter-output>
          </reporter-output>
        </test-method> <!-- tearDown -->
      </class> <!-- com.smoke.test.ZooplaLoginExecution -->
    </test> <!-- Default test -->
  </suite> <!-- Default suite -->
</testng-results>
